mode: set
github.com/stakater/alert-az-do/pkg/notify/azure_workitem_fields.go:25.45,27.2 1 1
github.com/stakater/alert-az-do/pkg/notify/azure_workitem_fields.go:30.48,32.2 1 1
github.com/stakater/alert-az-do/pkg/notify/azure_workitem_fields.go:35.59,37.2 1 0
github.com/stakater/alert-az-do/pkg/notify/azure_workitem_fields.go:326.13,328.38 2 1
github.com/stakater/alert-az-do/pkg/notify/azure_workitem_fields.go:328.38,330.3 1 1
github.com/stakater/alert-az-do/pkg/notify/azure_workitem_fields.go:337.60,340.41 2 1
github.com/stakater/alert-az-do/pkg/notify/azure_workitem_fields.go:340.41,343.3 2 1
github.com/stakater/alert-az-do/pkg/notify/azure_workitem_fields.go:344.2,344.12 1 1
github.com/stakater/alert-az-do/pkg/notify/notify.go:42.143,44.16 2 0
github.com/stakater/alert-az-do/pkg/notify/notify.go:44.16,47.3 2 0
github.com/stakater/alert-az-do/pkg/notify/notify.go:48.2,53.3 1 0
github.com/stakater/alert-az-do/pkg/notify/notify.go:57.79,59.16 2 1
github.com/stakater/alert-az-do/pkg/notify/notify.go:59.16,61.3 1 0
github.com/stakater/alert-az-do/pkg/notify/notify.go:63.2,63.35 1 1
github.com/stakater/alert-az-do/pkg/notify/notify.go:63.35,65.17 2 1
github.com/stakater/alert-az-do/pkg/notify/notify.go:65.17,67.4 1 0
github.com/stakater/alert-az-do/pkg/notify/notify.go:68.3,68.25 1 1
github.com/stakater/alert-az-do/pkg/notify/notify.go:68.25,71.4 2 1
github.com/stakater/alert-az-do/pkg/notify/notify.go:74.3,74.46 1 1
github.com/stakater/alert-az-do/pkg/notify/notify.go:75.8,75.38 1 1
github.com/stakater/alert-az-do/pkg/notify/notify.go:75.38,78.3 1 1
github.com/stakater/alert-az-do/pkg/notify/notify.go:79.2,79.12 1 0
github.com/stakater/alert-az-do/pkg/notify/notify.go:82.143,83.82 1 1
github.com/stakater/alert-az-do/pkg/notify/notify.go:83.82,86.3 2 0
github.com/stakater/alert-az-do/pkg/notify/notify.go:87.2,88.16 2 1
github.com/stakater/alert-az-do/pkg/notify/notify.go:88.16,90.3 1 0
github.com/stakater/alert-az-do/pkg/notify/notify.go:93.2,93.26 1 1
github.com/stakater/alert-az-do/pkg/notify/notify.go:93.26,99.3 1 1
github.com/stakater/alert-az-do/pkg/notify/notify.go:101.2,101.113 1 1
github.com/stakater/alert-az-do/pkg/notify/notify.go:101.113,107.3 1 0
github.com/stakater/alert-az-do/pkg/notify/notify.go:108.2,116.16 3 1
github.com/stakater/alert-az-do/pkg/notify/notify.go:116.16,118.3 1 0
github.com/stakater/alert-az-do/pkg/notify/notify.go:120.2,121.12 2 1
github.com/stakater/alert-az-do/pkg/notify/notify.go:124.103,126.16 2 1
github.com/stakater/alert-az-do/pkg/notify/notify.go:126.16,128.3 1 0
github.com/stakater/alert-az-do/pkg/notify/notify.go:130.2,131.16 2 1
github.com/stakater/alert-az-do/pkg/notify/notify.go:131.16,133.3 1 0
github.com/stakater/alert-az-do/pkg/notify/notify.go:135.2,143.16 3 1
github.com/stakater/alert-az-do/pkg/notify/notify.go:143.16,145.3 1 0
github.com/stakater/alert-az-do/pkg/notify/notify.go:147.2,148.12 2 1
github.com/stakater/alert-az-do/pkg/notify/notify.go:151.131,152.27 1 1
github.com/stakater/alert-az-do/pkg/notify/notify.go:152.27,154.3 1 0
github.com/stakater/alert-az-do/pkg/notify/notify.go:156.2,158.33 3 1
github.com/stakater/alert-az-do/pkg/notify/notify.go:158.33,160.3 1 1
github.com/stakater/alert-az-do/pkg/notify/notify.go:161.2,174.16 4 1
github.com/stakater/alert-az-do/pkg/notify/notify.go:174.16,176.3 1 0
github.com/stakater/alert-az-do/pkg/notify/notify.go:178.2,178.38 1 1
github.com/stakater/alert-az-do/pkg/notify/notify.go:178.38,181.3 2 1
github.com/stakater/alert-az-do/pkg/notify/notify.go:181.8,181.44 1 1
github.com/stakater/alert-az-do/pkg/notify/notify.go:181.44,184.3 2 0
github.com/stakater/alert-az-do/pkg/notify/notify.go:186.2,190.4 2 1
github.com/stakater/alert-az-do/pkg/notify/notify.go:193.104,195.16 2 1
github.com/stakater/alert-az-do/pkg/notify/notify.go:195.16,197.3 1 0
github.com/stakater/alert-az-do/pkg/notify/notify.go:198.2,198.24 1 1
github.com/stakater/alert-az-do/pkg/notify/notify.go:198.24,201.3 2 0
github.com/stakater/alert-az-do/pkg/notify/notify.go:202.2,203.16 2 1
github.com/stakater/alert-az-do/pkg/notify/notify.go:203.16,205.3 1 0
github.com/stakater/alert-az-do/pkg/notify/notify.go:207.2,207.36 1 1
github.com/stakater/alert-az-do/pkg/notify/notify.go:207.36,213.3 1 1
github.com/stakater/alert-az-do/pkg/notify/notify.go:215.2,222.16 3 1
github.com/stakater/alert-az-do/pkg/notify/notify.go:222.16,224.3 1 0
github.com/stakater/alert-az-do/pkg/notify/notify.go:226.2,227.12 2 1
github.com/stakater/alert-az-do/pkg/notify/notify.go:230.128,235.16 3 1
github.com/stakater/alert-az-do/pkg/notify/notify.go:235.16,237.3 1 0
github.com/stakater/alert-az-do/pkg/notify/notify.go:238.2,238.22 1 1
github.com/stakater/alert-az-do/pkg/notify/notify.go:238.22,241.3 2 0
github.com/stakater/alert-az-do/pkg/notify/notify.go:243.2,251.16 3 1
github.com/stakater/alert-az-do/pkg/notify/notify.go:251.16,253.3 1 0
github.com/stakater/alert-az-do/pkg/notify/notify.go:255.2,262.44 2 1
github.com/stakater/alert-az-do/pkg/notify/notify.go:262.44,268.3 1 1
github.com/stakater/alert-az-do/pkg/notify/notify.go:270.2,270.27 1 1
github.com/stakater/alert-az-do/pkg/notify/notify.go:270.27,272.17 2 1
github.com/stakater/alert-az-do/pkg/notify/notify.go:272.17,274.4 1 0
github.com/stakater/alert-az-do/pkg/notify/notify.go:275.3,279.5 1 1
github.com/stakater/alert-az-do/pkg/notify/notify.go:283.2,283.40 1 1
github.com/stakater/alert-az-do/pkg/notify/notify.go:283.40,285.17 2 1
github.com/stakater/alert-az-do/pkg/notify/notify.go:285.17,287.4 1 0
github.com/stakater/alert-az-do/pkg/notify/notify.go:289.3,290.56 2 1
github.com/stakater/alert-az-do/pkg/notify/notify.go:290.56,293.4 1 1
github.com/stakater/alert-az-do/pkg/notify/notify.go:293.9,296.4 1 1
github.com/stakater/alert-az-do/pkg/notify/notify.go:298.3,302.5 1 1
github.com/stakater/alert-az-do/pkg/notify/notify.go:305.2,305.22 1 1
github.com/stakater/alert-az-do/pkg/notify/notify.go:309.34,311.2 1 1
